<?xml version="1.0" encoding="UTF-8"?>
<!-- Generated by org.testng.reporters.JUnitXMLReporter -->
<testsuite ignored="2" hostname="shiantu" failures="0" tests="3" name="Test" time="20.701" errors="0" timestamp="2022-09-09T17:45:13 IST">
  <testcase classname="espl.LA.pageObjects.BaseClass" name="@BeforeClass setup" time="0.009">
    <failure type="java.lang.NullPointerException" message="Cannot invoke &amp;quot;espl.LA.utilities.ConfigDataProvider.getBrowser()&amp;quot; because &amp;quot;this.config&amp;quot; is null">
      <![CDATA[java.lang.NullPointerException: Cannot invoke "espl.LA.utilities.ConfigDataProvider.getBrowser()" because "this.config" is null
at espl.LA.pageObjects.BaseClass.setup(BaseClass.java:60)
at java.base/java.util.ArrayList.forEach(ArrayList.java:1511)
... Removed 25 stack frames]]>
    </failure>
  </testcase> <!-- @BeforeClass setup -->
  <testcase classname="espl.LA.pageObjects.BaseClass" name="@AfterMethod tearDownMethod" time="-1.662725713898E9">
    <skipped/>
  </testcase> <!-- @AfterMethod tearDownMethod -->
  <testcase classname="espl.LA.pageObjects.BaseClass" name="@AfterClass tearDown" time="-1.662725713899E9">
    <skipped/>
  </testcase> <!-- @AfterClass tearDown -->
  <testcase classname="espl.LA.pageObjects.BaseClass" name="@BeforeClass setup" time="0.001">
    <failure type="java.lang.NullPointerException" message="Cannot invoke &amp;quot;espl.LA.utilities.ConfigDataProvider.getBrowser()&amp;quot; because &amp;quot;this.config&amp;quot; is null">
      <![CDATA[java.lang.NullPointerException: Cannot invoke "espl.LA.utilities.ConfigDataProvider.getBrowser()" because "this.config" is null
at espl.LA.pageObjects.BaseClass.setup(BaseClass.java:60)
at java.base/java.util.ArrayList.forEach(ArrayList.java:1511)
... Removed 25 stack frames]]>
    </failure>
  </testcase> <!-- @BeforeClass setup -->
  <testcase classname="espl.LA.pageObjects.BaseClass" name="@AfterMethod tearDownMethod" time="-1.662725713914E9">
    <skipped/>
  </testcase> <!-- @AfterMethod tearDownMethod -->
  <testcase classname="espl.LA.pageObjects.BaseClass" name="@AfterClass tearDown" time="-1.662725713916E9">
    <skipped/>
  </testcase> <!-- @AfterClass tearDown -->
  <testcase classname="espl.LA.testCases.LoginTest" name="loginApp" time="3.379"/>
  <testcase classname="espl.LA.testCases.LASetUpTest" name="LRSetup" time="0.0">
    <skipped/>
  </testcase> <!-- LRSetup -->
  <testcase classname="espl.LA.testCases.CreateNewLATest" name="LRSetup" time="0.0">
    <skipped/>
  </testcase> <!-- LRSetup -->
  <testcase classname="espl.LA.pageObjects.BaseClass" name="@BeforeSuite setUpSuit" time="0.0">
    <ignored/>
  </testcase> <!-- @BeforeSuite setUpSuit -->
  <testcase classname="espl.LA.pageObjects.BaseClass" name="@BeforeSuite setUpSuit" time="0.0">
    <ignored/>
  </testcase> <!-- @BeforeSuite setUpSuit -->
</testsuite> <!-- Test -->
